0 info it worked if it ends with ok
1 verbose cli [ '/usr/local/bin/node', '/usr/local/bin/npm', 'run', 'coverage' ]
2 info using npm@3.10.10
3 info using node@v6.9.2
4 verbose run-script [ 'precoverage', 'coverage', 'postcoverage' ]
5 info lifecycle webcompat@~precoverage: webcompat@
6 silly lifecycle webcompat@~precoverage: no script for precoverage, continuing
7 info lifecycle webcompat@~coverage: webcompat@
8 verbose lifecycle webcompat@~coverage: unsafe-perm in lifecycle true
9 verbose lifecycle webcompat@~coverage: PATH: /usr/local/lib/node_modules/npm/bin/node-gyp-bin:/Users/olagasidlo/Projekte/webcompat/webcompat.com/node_modules/.bin:/usr/local/bin:/usr/bin:/bin:/usr/sbin:/sbin
10 verbose lifecycle webcompat@~coverage: CWD: /Users/olagasidlo/Projekte/webcompat/webcompat.com
11 silly lifecycle webcompat@~coverage: Args: [ '-c', 'istanbul cover ./tests/**/*.js' ]
12 silly lifecycle webcompat@~coverage: Returned: code: 1  signal: null
13 info lifecycle webcompat@~coverage: Failed to exec coverage script
14 verbose stack Error: webcompat@ coverage: `istanbul cover ./tests/**/*.js`
14 verbose stack Exit status 1
14 verbose stack     at EventEmitter.<anonymous> (/usr/local/lib/node_modules/npm/lib/utils/lifecycle.js:255:16)
14 verbose stack     at emitTwo (events.js:106:13)
14 verbose stack     at EventEmitter.emit (events.js:191:7)
14 verbose stack     at ChildProcess.<anonymous> (/usr/local/lib/node_modules/npm/lib/utils/spawn.js:40:14)
14 verbose stack     at emitTwo (events.js:106:13)
14 verbose stack     at ChildProcess.emit (events.js:191:7)
14 verbose stack     at maybeClose (internal/child_process.js:877:16)
14 verbose stack     at Process.ChildProcess._handle.onexit (internal/child_process.js:226:5)
15 verbose pkgid webcompat@
16 verbose cwd /Users/olagasidlo/Projekte/webcompat/webcompat.com
17 error Darwin 17.4.0
18 error argv "/usr/local/bin/node" "/usr/local/bin/npm" "run" "coverage"
19 error node v6.9.2
20 error npm  v3.10.10
21 error code ELIFECYCLE
22 error webcompat@ coverage: `istanbul cover ./tests/**/*.js`
22 error Exit status 1
23 error Failed at the webcompat@ coverage script 'istanbul cover ./tests/**/*.js'.
23 error Make sure you have the latest version of node.js and npm installed.
23 error If you do, this is most likely a problem with the webcompat package,
23 error not with npm itself.
23 error Tell the author that this fails on your system:
23 error     istanbul cover ./tests/**/*.js
23 error You can get information on how to open an issue for this project with:
23 error     npm bugs webcompat
23 error Or if that isn't available, you can get their info via:
23 error     npm owner ls webcompat
23 error There is likely additional logging output above.
24 verbose exit [ 1, true ]
